d:\users\n1507\desktop\c++ sd framework\studioproject\studioproject\debug\vc120.pdb
d:\users\n1507\desktop\c++ sd framework\studioproject\studioproject\debug\vc120.idb
d:\users\n1507\desktop\c++ sd framework\studioproject\studioproject\debug\console.obj
d:\users\n1507\desktop\c++ sd framework\studioproject\studioproject\debug\timer.obj
d:\users\n1507\desktop\c++ sd framework\studioproject\studioproject\debug\gameclass.obj
d:\users\n1507\desktop\c++ sd framework\studioproject\studioproject\debug\main.obj
d:\users\n1507\desktop\c++ sd framework\studioproject\studioproject\debug\playerclass.obj
d:\users\n1507\desktop\c++ sd framework\studioproject\debug\studioproject.ilk
d:\users\n1507\desktop\c++ sd framework\studioproject\debug\studioproject.exe
d:\users\n1507\desktop\c++ sd framework\studioproject\debug\studioproject.pdb
d:\users\n1507\desktop\c++ sd framework\studioproject\studioproject\debug\studioproject.tlog\cl.command.1.tlog
d:\users\n1507\desktop\c++ sd framework\studioproject\studioproject\debug\studioproject.tlog\cl.read.1.tlog
d:\users\n1507\desktop\c++ sd framework\studioproject\studioproject\debug\studioproject.tlog\cl.write.1.tlog
d:\users\n1507\desktop\c++ sd framework\studioproject\studioproject\debug\studioproject.tlog\link-cvtres.read.1.tlog
d:\users\n1507\desktop\c++ sd framework\studioproject\studioproject\debug\studioproject.tlog\link-cvtres.write.1.tlog
d:\users\n1507\desktop\c++ sd framework\studioproject\studioproject\debug\studioproject.tlog\link-rc.read.1.tlog
d:\users\n1507\desktop\c++ sd framework\studioproject\studioproject\debug\studioproject.tlog\link-rc.write.1.tlog
d:\users\n1507\desktop\c++ sd framework\studioproject\studioproject\debug\studioproject.tlog\link.8168-cvtres.read.1.tlog
d:\users\n1507\desktop\c++ sd framework\studioproject\studioproject\debug\studioproject.tlog\link.8168-cvtres.write.1.tlog
d:\users\n1507\desktop\c++ sd framework\studioproject\studioproject\debug\studioproject.tlog\link.8168-rc.read.1.tlog
d:\users\n1507\desktop\c++ sd framework\studioproject\studioproject\debug\studioproject.tlog\link.8168-rc.write.1.tlog
d:\users\n1507\desktop\c++ sd framework\studioproject\studioproject\debug\studioproject.tlog\link.8168.read.1.tlog
d:\users\n1507\desktop\c++ sd framework\studioproject\studioproject\debug\studioproject.tlog\link.8168.write.1.tlog
d:\users\n1507\desktop\c++ sd framework\studioproject\studioproject\debug\studioproject.tlog\link.command.1.tlog
d:\users\n1507\desktop\c++ sd framework\studioproject\studioproject\debug\studioproject.tlog\link.read.1.tlog
d:\users\n1507\desktop\c++ sd framework\studioproject\studioproject\debug\studioproject.tlog\link.write.1.tlog
