Build started 8/18/2016 5:48:53 PM.
     1>Project "D:\Users\n1507\Desktop\C-Give-UP\C++ SD Framework\StudioProject\StudioProject\StudioProject.vcxproj" on node 2 (Build target(s)).
     1>ClCompile:
         D:\Program Files (x86)\Microsoft Visual Studio 12.0\VC\bin\CL.exe /c /ZI /nologo /W3 /WX- /sdl /Od /Oy- /D _MBCS /Gm /EHsc /RTC1 /MDd /GS /fp:precise /Zc:wchar_t /Zc:forScope /Fo"Debug\\" /Fd"Debug\vc120.pdb" /Gd /TP /analyze- /errorReport:prompt GameController\GameClass.cpp GameController\PlayerClass.cpp LevelGenerator\MapGenerator.cpp
         PlayerClass.cpp
         Generating Code...
         Compiling...
         MapGenerator.cpp
     1>d:\users\n1507\desktop\c-give-up\c++ sd framework\studioproject\studioproject\levelgenerator\mapgenerator.cpp(17): warning C4101: 'gameController' : unreferenced local variable
         GameClass.cpp
         Generating Code...
       Link:
         D:\Program Files (x86)\Microsoft Visual Studio 12.0\VC\bin\link.exe /ERRORREPORT:PROMPT /OUT:"D:\Users\n1507\Desktop\C-Give-UP\C++ SD Framework\StudioProject\StudioProject\Debug\StudioProject.exe" /INCREMENTAL /NOLOGO kernel32.lib user32.lib gdi32.lib winspool.lib comdlg32.lib advapi32.lib shell32.lib ole32.lib oleaut32.lib uuid.lib odbc32.lib odbccp32.lib /MANIFEST /MANIFESTUAC:"level='asInvoker' uiAccess='false'" /manifest:embed /DEBUG /PDB:"D:\Users\n1507\Desktop\C-Give-UP\C++ SD Framework\StudioProject\StudioProject\Debug\StudioProject.pdb" /TLBID:1 /DYNAMICBASE /NXCOMPAT /IMPLIB:"D:\Users\n1507\Desktop\C-Give-UP\C++ SD Framework\StudioProject\StudioProject\Debug\StudioProject.lib" /MACHINE:X86 Debug\console.obj
         Debug\timer.obj
         Debug\PlayerClass.obj
         Debug\LevelController.obj
         Debug\MapGenerator.obj
         Debug\main.obj
         Debug\GameClass.obj
     1>PlayerClass.obj : error LNK2001: unresolved external symbol "public: static class std::vector<struct _COORD,class std::allocator<struct _COORD> > MapGenerator::wallpos" (?wallpos@MapGenerator@@2V?$vector@U_COORD@@V?$allocator@U_COORD@@@std@@@std@@A)
     1>MapGenerator.obj : error LNK2001: unresolved external symbol "public: static class std::vector<struct _COORD,class std::allocator<struct _COORD> > MapGenerator::wallpos" (?wallpos@MapGenerator@@2V?$vector@U_COORD@@V?$allocator@U_COORD@@@std@@@std@@A)
     1>D:\Users\n1507\Desktop\C-Give-UP\C++ SD Framework\StudioProject\StudioProject\Debug\StudioProject.exe : fatal error LNK1120: 1 unresolved externals
     1>Done Building Project "D:\Users\n1507\Desktop\C-Give-UP\C++ SD Framework\StudioProject\StudioProject\StudioProject.vcxproj" (Build target(s)) -- FAILED.

Build FAILED.

Time Elapsed 00:00:01.72
